<?xml version="1.0" encoding="UTF-8"?>
<!-- Generated by org.testng.reporters.JUnitReportReporter -->
<testsuite hostname="DESKTOP-G7Q7QA6" name="mmp.SendMessage" tests="1" failures="0" timestamp="6 Oct 2018 16:42:47 GMT" time="7.956" errors="0">
  <testcase name="veryfyMMPSendMessage" time="7.956" classname="mmp.SendMessage"/>
</testsuite> <!-- mmp.SendMessage -->
